# JRE version: OpenJDK Runtime Environment Corretto-23.0.2.7.1 (23.0.2+7) (build 23.0.2+7-FR)
# Java VM: OpenJDK 64-Bit Server VM Corretto-23.0.2.7.1 (23.0.2+7-FR, mixed mode, emulated-client, sharing, tiered, compressed oops, compressed class ptrs, g1 gc, windows-amd64)
GC Precious Log:
 CardTable entry size: 512
 Card Set container configuration: InlinePtr #cards 5 size 8 Array Of Cards #cards 10 size 36 Howl #buckets 4 coarsen threshold 1843 Howl Bitmap #cards 512 size 80 coarsen threshold 460 Card regions per heap region 1 cards per card region 2048
 CPUs: 12 total, 12 available
 Memory: 7439M
 Large Page Support: Disabled
 NUMA Support: Disabled
 Compressed Oops: Enabled (32-bit)
 Heap Region Size: 1M
 Heap Min Capacity: 8M
 Heap Initial Capacity: 118M
 Heap Max Capacity: 1860M
 Pre-touch: Disabled
 Parallel Workers: 10
 Concurrent Workers: 3
 Concurrent Refinement Workers: 10
 Periodic GC: Disabled
Heap:
 garbage-first heap   total reserved 1904640K, committed 66560K, used 40852K [0x000000008bc00000, 0x0000000100000000)
  region size 1024K, 2 young (2048K), 2 survivors (2048K)
 Metaspace       used 70525K, committed 71296K, reserved 1114112K
  class space    used 10549K, committed 10880K, reserved 1048576K
GC Heap History (20 events):
Event: 16.718 GC heap after
{Heap after GC invocations=21 (full 0):
 garbage-first heap   total reserved 1904640K, committed 51200K, used 30293K [0x000000008bc00000, 0x0000000100000000)
  region size 1024K, 2 young (2048K), 2 survivors (2048K)
 Metaspace       used 57269K, committed 57920K, reserved 1114112K
  class space    used 8384K, committed 8640K, reserved 1048576K
}
Event: 17.146 GC heap before
{Heap before GC invocations=21 (full 0):
 garbage-first heap   total reserved 1904640K, committed 51200K, used 45653K [0x000000008bc00000, 0x0000000100000000)
  region size 1024K, 17 young (17408K), 2 survivors (2048K)
 Metaspace       used 59344K, committed 60096K, reserved 1114112K
  class space    used 8713K, committed 9024K, reserved 1048576K
}
Event: 17.151 GC heap after
{Heap after GC invocations=22 (full 0):
 garbage-first heap   total reserved 1904640K, committed 51200K, used 30664K [0x000000008bc00000, 0x0000000100000000)
  region size 1024K, 3 young (3072K), 3 survivors (3072K)
 Metaspace       used 59344K, committed 60096K, reserved 1114112K
  class space    used 8713K, committed 9024K, reserved 1048576K
}
Event: 18.022 GC heap before
{Heap before GC invocations=22 (full 0):
 garbage-first heap   total reserved 1904640K, committed 51200K, used 43976K [0x000000008bc00000, 0x0000000100000000)
  region size 1024K, 16 young (16384K), 3 survivors (3072K)
 Metaspace       used 62004K, committed 62720K, reserved 1114112K
  class space    used 9120K, committed 9408K, reserved 1048576K
}
Event: 18.025 GC heap after
{Heap after GC invocations=23 (full 0):
 garbage-first heap   total reserved 1904640K, committed 51200K, used 31551K [0x000000008bc00000, 0x0000000100000000)
  region size 1024K, 2 young (2048K), 2 survivors (2048K)
 Metaspace       used 62004K, committed 62720K, reserved 1114112K
  class space    used 9120K, committed 9408K, reserved 1048576K
}
Event: 18.305 GC heap before
{Heap before GC invocations=24 (full 0):
 garbage-first heap   total reserved 1904640K, committed 53248K, used 44863K [0x000000008bc00000, 0x0000000100000000)
  region size 1024K, 15 young (15360K), 2 survivors (2048K)
 Metaspace       used 63070K, committed 63744K, reserved 1114112K
  class space    used 9229K, committed 9536K, reserved 1048576K
}
Event: 18.308 GC heap after
{Heap after GC invocations=25 (full 0):
 garbage-first heap   total reserved 1904640K, committed 53248K, used 32314K [0x000000008bc00000, 0x0000000100000000)
  region size 1024K, 2 young (2048K), 2 survivors (2048K)
 Metaspace       used 63070K, committed 63744K, reserved 1114112K
  class space    used 9229K, committed 9536K, reserved 1048576K
}
Event: 19.049 GC heap before
{Heap before GC invocations=25 (full 0):
 garbage-first heap   total reserved 1904640K, committed 53248K, used 46650K [0x000000008bc00000, 0x0000000100000000)
  region size 1024K, 16 young (16384K), 2 survivors (2048K)
 Metaspace       used 65476K, committed 66176K, reserved 1114112K
  class space    used 9680K, committed 9984K, reserved 1048576K
}
Event: 19.054 GC heap after
{Heap after GC invocations=26 (full 0):
 garbage-first heap   total reserved 1904640K, committed 53248K, used 33429K [0x000000008bc00000, 0x0000000100000000)
  region size 1024K, 2 young (2048K), 2 survivors (2048K)
 Metaspace       used 65476K, committed 66176K, reserved 1114112K
  class space    used 9680K, committed 9984K, reserved 1048576K
}
Event: 19.462 GC heap before
{Heap before GC invocations=26 (full 0):
 garbage-first heap   total reserved 1904640K, committed 53248K, used 45717K [0x000000008bc00000, 0x0000000100000000)
  region size 1024K, 15 young (15360K), 2 survivors (2048K)
 Metaspace       used 67305K, committed 68032K, reserved 1114112K
  class space    used 10076K, committed 10368K, reserved 1048576K
}
Event: 19.466 GC heap after
{Heap after GC invocations=27 (full 0):
 garbage-first heap   total reserved 1904640K, committed 53248K, used 35456K [0x000000008bc00000, 0x0000000100000000)
  region size 1024K, 2 young (2048K), 2 survivors (2048K)
 Metaspace       used 67305K, committed 68032K, reserved 1114112K
  class space    used 10076K, committed 10368K, reserved 1048576K
}
Event: 19.562 GC heap before
{Heap before GC invocations=28 (full 0):
 garbage-first heap   total reserved 1904640K, committed 60416K, used 45696K [0x000000008bc00000, 0x0000000100000000)
  region size 1024K, 13 young (13312K), 2 survivors (2048K)
 Metaspace       used 67740K, committed 68480K, reserved 1114112K
  class space    used 10114K, committed 10432K, reserved 1048576K
}
Event: 19.564 GC heap after
{Heap after GC invocations=29 (full 0):
 garbage-first heap   total reserved 1904640K, committed 60416K, used 35615K [0x000000008bc00000, 0x0000000100000000)
  region size 1024K, 1 young (1024K), 1 survivors (1024K)
 Metaspace       used 67740K, committed 68480K, reserved 1114112K
  class space    used 10114K, committed 10432K, reserved 1048576K
}
Event: 19.949 GC heap before
{Heap before GC invocations=29 (full 0):
 garbage-first heap   total reserved 1904640K, committed 60416K, used 54047K [0x000000008bc00000, 0x0000000100000000)
  region size 1024K, 19 young (19456K), 1 survivors (1024K)
 Metaspace       used 69381K, committed 70016K, reserved 1114112K
  class space    used 10373K, committed 10624K, reserved 1048576K
}
Event: 19.952 GC heap after
{Heap after GC invocations=30 (full 0):
 garbage-first heap   total reserved 1904640K, committed 60416K, used 36476K [0x000000008bc00000, 0x0000000100000000)
  region size 1024K, 2 young (2048K), 2 survivors (2048K)
 Metaspace       used 69381K, committed 70016K, reserved 1114112K
  class space    used 10373K, committed 10624K, reserved 1048576K
}
Event: 20.159 GC heap before
{Heap before GC invocations=30 (full 0):
 garbage-first heap   total reserved 1904640K, committed 60416K, used 52860K [0x000000008bc00000, 0x0000000100000000)
  region size 1024K, 18 young (18432K), 2 survivors (2048K)
 Metaspace       used 69765K, committed 70464K, reserved 1114112K
  class space    used 10429K, committed 10688K, reserved 1048576K
}
Event: 20.163 GC heap after
{Heap after GC invocations=31 (full 0):
 garbage-first heap   total reserved 1904640K, committed 60416K, used 39195K [0x000000008bc00000, 0x0000000100000000)
  region size 1024K, 3 young (3072K), 3 survivors (3072K)
 Metaspace       used 69765K, committed 70464K, reserved 1114112K
  class space    used 10429K, committed 10688K, reserved 1048576K
}
Event: 20.201 GC heap before
{Heap before GC invocations=32 (full 0):
 garbage-first heap   total reserved 1904640K, committed 66560K, used 52507K [0x000000008bc00000, 0x0000000100000000)
  region size 1024K, 16 young (16384K), 3 survivors (3072K)
 Metaspace       used 69765K, committed 70464K, reserved 1114112K
  class space    used 10429K, committed 10688K, reserved 1048576K
}
Event: 20.203 GC heap after
{Heap after GC invocations=33 (full 0):
 garbage-first heap   total reserved 1904640K, committed 66560K, used 40031K [0x000000008bc00000, 0x0000000100000000)
  region size 1024K, 1 young (1024K), 1 survivors (1024K)
 Metaspace       used 69765K, committed 70464K, reserved 1114112K
  class space    used 10429K, committed 10688K, reserved 1048576K
}
Event: 20.524 GC heap before
{Heap before GC invocations=33 (full 0):
 garbage-first heap   total reserved 1904640K, committed 66560K, used 60511K [0x000000008bc00000, 0x0000000100000000)
  region size 1024K, 21 young (21504K), 1 survivors (1024K)
 Metaspace       used 70525K, committed 71296K, reserved 1114112K
  class space    used 10549K, committed 10880K, reserved 1048576K
}

