# JRE version: OpenJDK Runtime Environment Corretto-23.0.2.7.1 (23.0.2+7) (build 23.0.2+7-FR)
# Java VM: OpenJDK 64-Bit Server VM Corretto-23.0.2.7.1 (23.0.2+7-FR, mixed mode, emulated-client, sharing, tiered, compressed oops, compressed class ptrs, g1 gc, windows-amd64)
GC Precious Log:
 CardTable entry size: 512
 Card Set container configuration: InlinePtr #cards 5 size 8 Array Of Cards #cards 10 size 36 Howl #buckets 4 coarsen threshold 1843 Howl Bitmap #cards 512 size 80 coarsen threshold 460 Card regions per heap region 1 cards per card region 2048
 CPUs: 12 total, 12 available
 Memory: 7439M
 Large Page Support: Disabled
 NUMA Support: Disabled
 Compressed Oops: Enabled (32-bit)
 Heap Region Size: 1M
 Heap Min Capacity: 8M
 Heap Initial Capacity: 118M
 Heap Max Capacity: 1860M
 Pre-touch: Disabled
 Parallel Workers: 10
 Concurrent Workers: 3
 Concurrent Refinement Workers: 10
 Periodic GC: Disabled
Heap:
 garbage-first heap   total reserved 1904640K, committed 61440K, used 39705K [0x000000008bc00000, 0x0000000100000000)
  region size 1024K, 5 young (5120K), 3 survivors (3072K)
 Metaspace       used 70563K, committed 71360K, reserved 1114112K
  class space    used 10555K, committed 10880K, reserved 1048576K
GC Heap History (20 events):
Event: 11.759 GC heap before
{Heap before GC invocations=22 (full 0):
 garbage-first heap   total reserved 1904640K, committed 51200K, used 44830K [0x000000008bc00000, 0x0000000100000000)
  region size 1024K, 16 young (16384K), 2 survivors (2048K)
 Metaspace       used 58354K, committed 59072K, reserved 1114112K
  class space    used 8531K, committed 8832K, reserved 1048576K
}
Event: 11.761 GC heap after
{Heap after GC invocations=23 (full 0):
 garbage-first heap   total reserved 1904640K, committed 51200K, used 30899K [0x000000008bc00000, 0x0000000100000000)
  region size 1024K, 2 young (2048K), 2 survivors (2048K)
 Metaspace       used 58354K, committed 59072K, reserved 1114112K
  class space    used 8531K, committed 8832K, reserved 1048576K
}
Event: 12.261 GC heap before
{Heap before GC invocations=24 (full 0):
 garbage-first heap   total reserved 1904640K, committed 53248K, used 44211K [0x000000008bc00000, 0x0000000100000000)
  region size 1024K, 15 young (15360K), 2 survivors (2048K)
 Metaspace       used 61310K, committed 62080K, reserved 1114112K
  class space    used 9026K, committed 9344K, reserved 1048576K
}
Event: 12.264 GC heap after
{Heap after GC invocations=25 (full 0):
 garbage-first heap   total reserved 1904640K, committed 53248K, used 31667K [0x000000008bc00000, 0x0000000100000000)
  region size 1024K, 2 young (2048K), 2 survivors (2048K)
 Metaspace       used 61310K, committed 62080K, reserved 1114112K
  class space    used 9026K, committed 9344K, reserved 1048576K
}
Event: 12.895 GC heap before
{Heap before GC invocations=25 (full 0):
 garbage-first heap   total reserved 1904640K, committed 53248K, used 46003K [0x000000008bc00000, 0x0000000100000000)
  region size 1024K, 16 young (16384K), 2 survivors (2048K)
 Metaspace       used 62575K, committed 63296K, reserved 1114112K
  class space    used 9168K, committed 9472K, reserved 1048576K
}
Event: 12.899 GC heap after
{Heap after GC invocations=26 (full 0):
 garbage-first heap   total reserved 1904640K, committed 53248K, used 32252K [0x000000008bc00000, 0x0000000100000000)
  region size 1024K, 2 young (2048K), 2 survivors (2048K)
 Metaspace       used 62575K, committed 63296K, reserved 1114112K
  class space    used 9168K, committed 9472K, reserved 1048576K
}
Event: 13.310 GC heap before
{Heap before GC invocations=26 (full 0):
 garbage-first heap   total reserved 1904640K, committed 53248K, used 46588K [0x000000008bc00000, 0x0000000100000000)
  region size 1024K, 16 young (16384K), 2 survivors (2048K)
 Metaspace       used 64966K, committed 65728K, reserved 1114112K
  class space    used 9510K, committed 9792K, reserved 1048576K
}
Event: 13.314 GC heap after
{Heap after GC invocations=27 (full 0):
 garbage-first heap   total reserved 1904640K, committed 53248K, used 33619K [0x000000008bc00000, 0x0000000100000000)
  region size 1024K, 2 young (2048K), 2 survivors (2048K)
 Metaspace       used 64966K, committed 65728K, reserved 1114112K
  class space    used 9510K, committed 9792K, reserved 1048576K
}
Event: 13.786 GC heap before
{Heap before GC invocations=28 (full 0):
 garbage-first heap   total reserved 1904640K, committed 56320K, used 45907K [0x000000008bc00000, 0x0000000100000000)
  region size 1024K, 15 young (15360K), 2 survivors (2048K)
 Metaspace       used 66947K, committed 67712K, reserved 1114112K
  class space    used 9883K, committed 10176K, reserved 1048576K
}
Event: 13.789 GC heap after
{Heap after GC invocations=29 (full 0):
 garbage-first heap   total reserved 1904640K, committed 56320K, used 34843K [0x000000008bc00000, 0x0000000100000000)
  region size 1024K, 2 young (2048K), 2 survivors (2048K)
 Metaspace       used 66947K, committed 67712K, reserved 1114112K
  class space    used 9883K, committed 10176K, reserved 1048576K
}
Event: 14.020 GC heap before
{Heap before GC invocations=29 (full 0):
 garbage-first heap   total reserved 1904640K, committed 56320K, used 49179K [0x000000008bc00000, 0x0000000100000000)
  region size 1024K, 16 young (16384K), 2 survivors (2048K)
 Metaspace       used 68030K, committed 68800K, reserved 1114112K
  class space    used 10198K, committed 10496K, reserved 1048576K
}
Event: 14.022 GC heap after
{Heap after GC invocations=30 (full 0):
 garbage-first heap   total reserved 1904640K, committed 56320K, used 35920K [0x000000008bc00000, 0x0000000100000000)
  region size 1024K, 2 young (2048K), 2 survivors (2048K)
 Metaspace       used 68030K, committed 68800K, reserved 1114112K
  class space    used 10198K, committed 10496K, reserved 1048576K
}
Event: 14.202 GC heap before
{Heap before GC invocations=30 (full 0):
 garbage-first heap   total reserved 1904640K, committed 56320K, used 48208K [0x000000008bc00000, 0x0000000100000000)
  region size 1024K, 15 young (15360K), 2 survivors (2048K)
 Metaspace       used 69405K, committed 70144K, reserved 1114112K
  class space    used 10379K, committed 10688K, reserved 1048576K
}
Event: 14.204 GC heap after
{Heap after GC invocations=31 (full 0):
 garbage-first heap   total reserved 1904640K, committed 56320K, used 36258K [0x000000008bc00000, 0x0000000100000000)
  region size 1024K, 1 young (1024K), 1 survivors (1024K)
 Metaspace       used 69405K, committed 70144K, reserved 1114112K
  class space    used 10379K, committed 10688K, reserved 1048576K
}
Event: 14.484 GC heap before
{Heap before GC invocations=32 (full 0):
 garbage-first heap   total reserved 1904640K, committed 61440K, used 51618K [0x000000008bc00000, 0x0000000100000000)
  region size 1024K, 16 young (16384K), 1 survivors (1024K)
 Metaspace       used 69752K, committed 70528K, reserved 1114112K
  class space    used 10435K, committed 10752K, reserved 1048576K
}
Event: 14.486 GC heap after
{Heap after GC invocations=33 (full 0):
 garbage-first heap   total reserved 1904640K, committed 61440K, used 37565K [0x000000008bc00000, 0x0000000100000000)
  region size 1024K, 2 young (2048K), 2 survivors (2048K)
 Metaspace       used 69752K, committed 70528K, reserved 1114112K
  class space    used 10435K, committed 10752K, reserved 1048576K
}
Event: 14.526 GC heap before
{Heap before GC invocations=33 (full 0):
 garbage-first heap   total reserved 1904640K, committed 61440K, used 55997K [0x000000008bc00000, 0x0000000100000000)
  region size 1024K, 20 young (20480K), 2 survivors (2048K)
 Metaspace       used 69753K, committed 70528K, reserved 1114112K
  class space    used 10435K, committed 10752K, reserved 1048576K
}
Event: 14.529 GC heap after
{Heap after GC invocations=34 (full 0):
 garbage-first heap   total reserved 1904640K, committed 61440K, used 37685K [0x000000008bc00000, 0x0000000100000000)
  region size 1024K, 2 young (2048K), 2 survivors (2048K)
 Metaspace       used 69753K, committed 70528K, reserved 1114112K
  class space    used 10435K, committed 10752K, reserved 1048576K
}
Event: 14.839 GC heap before
{Heap before GC invocations=34 (full 0):
 garbage-first heap   total reserved 1904640K, committed 61440K, used 55093K [0x000000008bc00000, 0x0000000100000000)
  region size 1024K, 19 young (19456K), 2 survivors (2048K)
 Metaspace       used 70530K, committed 71296K, reserved 1114112K
  class space    used 10552K, committed 10880K, reserved 1048576K
}
Event: 14.842 GC heap after
{Heap after GC invocations=35 (full 0):
 garbage-first heap   total reserved 1904640K, committed 61440K, used 38681K [0x000000008bc00000, 0x0000000100000000)
  region size 1024K, 3 young (3072K), 3 survivors (3072K)
 Metaspace       used 70530K, committed 71296K, reserved 1114112K
  class space    used 10552K, committed 10880K, reserved 1048576K
}

